<?xml version="1.0" encoding="UTF-8"?>
<!-- Generated by org.testng.reporters.JUnitXMLReporter -->
<testsuite ignored="0" hostname="Chandini" failures="0" tests="8" name="Test" time="88.466" errors="0" timestamp="2024-09-16T16:00:16 IST">
  <testcase classname="testCases.TC001_AccountRegistrationTest" name="verifyRegistrationTest" time="14.299"/>
  <testcase classname="testCases.TC002_LoginTest" name="testLoginFunctionality" time="7.365"/>
  <testcase classname="testCases.TC003_LoginDDT" name="verify_loginDDT" time="5.545"/>
  <testcase classname="testCases.TC003_LoginDDT" name="verify_loginDDT" time="4.072"/>
  <testcase classname="testCases.TC003_LoginDDT" name="verify_loginDDT" time="3.703"/>
  <testcase classname="testCases.TC003_LoginDDT" name="verify_loginDDT" time="3.997"/>
  <testcase classname="testCases.TC003_LoginDDT" name="verify_loginDDT" time="3.588"/>
  <testcase classname="testCases.TC003_LoginDDT" name="verify_loginDDT" time="3.569"/>
</testsuite> <!-- Test -->
