<?xml version="1.0" encoding="UTF-8"?>
<testsuite xmlns:xsi="http://www.w3.org/2001/XMLSchema-instance" xsi:noNamespaceSchemaLocation="https://maven.apache.org/surefire/maven-surefire-plugin/xsd/surefire-test-report-3.0.xsd" version="3.0" name="TestSuite" time="90.782" tests="8" errors="0" skipped="0" failures="0">
  <properties>
[...]
</properties>
  <testcase name="verifyRegistrationTest" classname="testCases.TC001_AccountRegistrationTest" time="14.328">
    <system-out><![CDATA[Your Account Has Been Created!
***********confirmation message check validation******
Account already created!!!!!!
]]></system-out>
    <system-err><![CDATA[Sep 16, 2024 3:58:48 PM org.openqa.selenium.devtools.CdpVersionFinder findNearestMatch
WARNING: Unable to find an exact match for CDP version 128, returning the closest version; found: 124; Please update to a Selenium version that supports CDP version 128
]]></system-err>
  </testcase>
  <testcase name="testLoginFunctionality" classname="testCases.TC002_LoginTest" time="7.364">
    <system-err><![CDATA[Sep 16, 2024 3:59:16 PM org.openqa.selenium.devtools.CdpVersionFinder findNearestMatch
WARNING: Unable to find an exact match for CDP version 128, returning the closest version; found: 124; Please update to a Selenium version that supports CDP version 128
]]></system-err>
  </testcase>
  <testcase name="verify_loginDDT[dillikumar123@gmail.com, Test@123, Valid](1)" classname="testCases.TC003_LoginDDT" time="5.539">
    <system-out><![CDATA[inside get cell data
no of rows is 7
no of colms is 3
dillikumar123@gmail.com 
Test@123 
Valid 
lakshmi@yahoo.com 
Laxmi 
Invalid 
laksh@yahoo.com 
Lakshmi 
Invalid 
laks@yahoo.com 
xyz 
Invalid 
abc123@gmail.com 
test@123 
Invalid 
 
test@123 
Invalid 
***** stating TC_003_LoginDDT ******
]]></system-out>
    <system-err><![CDATA[Sep 16, 2024 3:59:38 PM org.openqa.selenium.devtools.CdpVersionFinder findNearestMatch
WARNING: Unable to find an exact match for CDP version 128, returning the closest version; found: 124; Please update to a Selenium version that supports CDP version 128
]]></system-err>
  </testcase>
  <testcase name="verify_loginDDT[lakshmi@yahoo.com, Laxmi, Invalid](2)" classname="testCases.TC003_LoginDDT" time="4.073">
    <system-out><![CDATA[***** stating TC_003_LoginDDT ******
*******Either password or user name is invalid**************
]]></system-out>
  </testcase>
  <testcase name="verify_loginDDT[laksh@yahoo.com, Lakshmi, Invalid](3)" classname="testCases.TC003_LoginDDT" time="3.704">
    <system-out><![CDATA[***** stating TC_003_LoginDDT ******
*******Either password or user name is invalid**************
]]></system-out>
  </testcase>
  <testcase name="verify_loginDDT[laks@yahoo.com, xyz, Invalid](4)" classname="testCases.TC003_LoginDDT" time="3.998">
    <system-out><![CDATA[***** stating TC_003_LoginDDT ******
*******Either password or user name is invalid**************
]]></system-out>
  </testcase>
  <testcase name="verify_loginDDT[abc123@gmail.com, test@123, Invalid](5)" classname="testCases.TC003_LoginDDT" time="3.587">
    <system-out><![CDATA[***** stating TC_003_LoginDDT ******
*******Either password or user name is invalid**************
]]></system-out>
  </testcase>
  <testcase name="verify_loginDDT[, test@123, Invalid](6)" classname="testCases.TC003_LoginDDT" time="3.569">
    <system-out><![CDATA[***** stating TC_003_LoginDDT ******
*******Either password or user name is invalid**************
]]></system-out>
  </testcase>
</testsuite>